# JRE version: OpenJDK Runtime Environment (8.0_112-b06) (build 1.8.0_112-release-b06)
# Java VM: OpenJDK 64-Bit Server VM (25.112-b06 mixed mode windows-amd64 compressed oops)
Heap:
 PSYoungGen      total 25088K, used 24617K [0x000000076ab00000, 0x000000076dc00000, 0x00000007c0000000)
  eden space 23552K, 98% used [0x000000076ab00000,0x000000076c18cac0,0x000000076c200000)
  from space 1536K, 99% used [0x000000076c200000,0x000000076c37dba8,0x000000076c380000)
  to   space 1536K, 0% used [0x000000076da80000,0x000000076da80000,0x000000076dc00000)
 ParOldGen       total 30208K, used 3012K [0x00000006c0000000, 0x00000006c1d80000, 0x000000076ab00000)
  object space 30208K, 9% used [0x00000006c0000000,0x00000006c02f1090,0x00000006c1d80000)
 Metaspace       used 3369K, capacity 4720K, committed 4864K, reserved 1056768K
  class space    used 351K, capacity 424K, committed 512K, reserved 1048576K
GC Heap History (6 events):
Event: 0.628 GC heap before
{Heap before GC invocations=1 (full 0):
 PSYoungGen      total 13312K, used 11776K [0x000000076ab00000, 0x000000076b980000, 0x00000007c0000000)
  eden space 11776K, 100% used [0x000000076ab00000,0x000000076b680000,0x000000076b680000)
  from space 1536K, 0% used [0x000000076b800000,0x000000076b800000,0x000000076b980000)
  to   space 1536K, 0% used [0x000000076b680000,0x000000076b680000,0x000000076b800000)
 ParOldGen       total 30208K, used 0K [0x00000006c0000000, 0x00000006c1d80000, 0x000000076ab00000)
  object space 30208K, 0% used [0x00000006c0000000,0x00000006c0000000,0x00000006c1d80000)
 Metaspace       used 3365K, capacity 4720K, committed 4864K, reserved 1056768K
  class space    used 351K, capacity 424K, committed 512K, reserved 1048576K
Event: 0.645 GC heap after
Heap after GC invocations=1 (full 0):
 PSYoungGen      total 13312K, used 1510K [0x000000076ab00000, 0x000000076c500000, 0x00000007c0000000)
  eden space 11776K, 0% used [0x000000076ab00000,0x000000076ab00000,0x000000076b680000)
  from space 1536K, 98% used [0x000000076b680000,0x000000076b7f9bb8,0x000000076b800000)
  to   space 1536K, 0% used [0x000000076c380000,0x000000076c380000,0x000000076c500000)
 ParOldGen       total 30208K, used 3012K [0x00000006c0000000, 0x00000006c1d80000, 0x000000076ab00000)
  object space 30208K, 9% used [0x00000006c0000000,0x00000006c02f1090,0x00000006c1d80000)
 Metaspace       used 3365K, capacity 4720K, committed 4864K, reserved 1056768K
  class space    used 351K, capacity 424K, committed 512K, reserved 1048576K
}
Event: 0.673 GC heap before
{Heap before GC invocations=2 (full 0):
 PSYoungGen      total 13312K, used 13286K [0x000000076ab00000, 0x000000076c500000, 0x00000007c0000000)
  eden space 11776K, 100% used [0x000000076ab00000,0x000000076b680000,0x000000076b680000)
  from space 1536K, 98% used [0x000000076b680000,0x000000076b7f9bb8,0x000000076b800000)
  to   space 1536K, 0% used [0x000000076c380000,0x000000076c380000,0x000000076c500000)
 ParOldGen       total 30208K, used 3012K [0x00000006c0000000, 0x00000006c1d80000, 0x000000076ab00000)
  object space 30208K, 9% used [0x00000006c0000000,0x00000006c02f1090,0x00000006c1d80000)
 Metaspace       used 3366K, capacity 4720K, committed 4864K, reserved 1056768K
  class space    used 351K, capacity 424K, committed 512K, reserved 1048576K
Event: 0.679 GC heap after
Heap after GC invocations=2 (full 0):
 PSYoungGen      total 25088K, used 1526K [0x000000076ab00000, 0x000000076c500000, 0x00000007c0000000)
  eden space 23552K, 0% used [0x000000076ab00000,0x000000076ab00000,0x000000076c200000)
  from space 1536K, 99% used [0x000000076c380000,0x000000076c4fdba8,0x000000076c500000)
  to   space 1536K, 0% used [0x000000076c200000,0x000000076c200000,0x000000076c380000)
 ParOldGen       total 30208K, used 3012K [0x00000006c0000000, 0x00000006c1d80000, 0x000000076ab00000)
  object space 30208K, 9% used [0x00000006c0000000,0x00000006c02f1090,0x00000006c1d80000)
 Metaspace       used 3366K, capacity 4720K, committed 4864K, reserved 1056768K
  class space    used 351K, capacity 424K, committed 512K, reserved 1048576K
}
Event: 0.732 GC heap before
{Heap before GC invocations=3 (full 0):
 PSYoungGen      total 25088K, used 25078K [0x000000076ab00000, 0x000000076c500000, 0x00000007c0000000)
  eden space 23552K, 100% used [0x000000076ab00000,0x000000076c200000,0x000000076c200000)
  from space 1536K, 99% used [0x000000076c380000,0x000000076c4fdba8,0x000000076c500000)
  to   space 1536K, 0% used [0x000000076c200000,0x000000076c200000,0x000000076c380000)
 ParOldGen       total 30208K, used 3012K [0x00000006c0000000, 0x00000006c1d80000, 0x000000076ab00000)
  object space 30208K, 9% used [0x00000006c0000000,0x00000006c02f1090,0x00000006c1d80000)
 Metaspace       used 3369K, capacity 4720K, committed 4864K, reserved 1056768K
  class space    used 351K, capacity 424K, committed 512K, reserved 1048576K
Event: 0.739 GC heap after
Heap after GC invocations=3 (full 0):
 PSYoungGen      total 25088K, used 1526K [0x000000076ab00000, 0x000000076dc00000, 0x00000007c0000000)
  eden space 23552K, 0% used [0x000000076ab00000,0x000000076ab00000,0x000000076c200000)
  from space 1536K, 99% used [0x000000076c200000,0x000000076c37dba8,0x000000076c380000)
  to   space 1536K, 0% used [0x000000076da80000,0x000000076da80000,0x000000076dc00000)
 ParOldGen       total 30208K, used 3012K [0x00000006c0000000, 0x00000006c1d80000, 0x000000076ab00000)
  object space 30208K, 9% used [0x00000006c0000000,0x00000006c02f1090,0x00000006c1d80000)
 Metaspace       used 3369K, capacity 4720K, committed 4864K, reserved 1056768K
  class space    used 351K, capacity 424K, committed 512K, reserved 1048576K
}

