# JRE version: OpenJDK Runtime Environment (8.0_112-b06) (build 1.8.0_112-release-b06)
# Java VM: OpenJDK 64-Bit Server VM (25.112-b06 mixed mode windows-amd64 compressed oops)
Heap:
 PSYoungGen      total 774144K, used 593683K [0x000000076ab00000, 0x00000007a7180000, 0x00000007c0000000)
  eden space 583680K, 78% used [0x000000076ab00000,0x00000007868c6e48,0x000000078e500000)
  from space 190464K, 72% used [0x000000079a900000,0x00000007a2efe028,0x00000007a6300000)
  to   space 200704K, 0% used [0x000000078e500000,0x000000078e500000,0x000000079a900000)
 ParOldGen       total 924672K, used 718157K [0x00000006c0000000, 0x00000006f8700000, 0x000000076ab00000)
  object space 924672K, 77% used [0x00000006c0000000,0x00000006ebd53780,0x00000006f8700000)
 Metaspace       used 7188K, capacity 7800K, committed 7936K, reserved 1056768K
  class space    used 640K, capacity 688K, committed 768K, reserved 1048576K
GC Heap History (10 events):
Event: 112.443 GC heap before
{Heap before GC invocations=29 (full 6):
 PSYoungGen      total 611328K, used 611319K [0x000000076ab00000, 0x00000007a1e00000, 0x00000007c0000000)
  eden space 456192K, 100% used [0x000000076ab00000,0x0000000786880000,0x0000000786880000)
  from space 155136K, 99% used [0x0000000792800000,0x000000079bf7dd88,0x000000079bf80000)
  to   space 196096K, 0% used [0x0000000786880000,0x0000000786880000,0x0000000792800000)
 ParOldGen       total 682496K, used 527470K [0x00000006c0000000, 0x00000006e9a80000, 0x000000076ab00000)
  object space 682496K, 77% used [0x00000006c0000000,0x00000006e031baa0,0x00000006e9a80000)
 Metaspace       used 6417K, capacity 7280K, committed 7552K, reserved 1056768K
  class space    used 587K, capacity 616K, committed 640K, reserved 1048576K
Event: 113.397 GC heap after
Heap after GC invocations=29 (full 6):
 PSYoungGen      total 652288K, used 110753K [0x000000076ab00000, 0x00000007a2a00000, 0x00000007c0000000)
  eden space 456192K, 0% used [0x000000076ab00000,0x000000076ab00000,0x0000000786880000)
  from space 196096K, 56% used [0x0000000786880000,0x000000078d4a8560,0x0000000792800000)
  to   space 197632K, 0% used [0x0000000796900000,0x0000000796900000,0x00000007a2a00000)
 ParOldGen       total 682496K, used 649041K [0x00000006c0000000, 0x00000006e9a80000, 0x000000076ab00000)
  object space 682496K, 95% used [0x00000006c0000000,0x00000006e79d4488,0x00000006e9a80000)
 Metaspace       used 6417K, capacity 7280K, committed 7552K, reserved 1056768K
  class space    used 587K, capacity 616K, committed 640K, reserved 1048576K
}
Event: 113.397 GC heap before
{Heap before GC invocations=30 (full 7):
 PSYoungGen      total 652288K, used 110753K [0x000000076ab00000, 0x00000007a2a00000, 0x00000007c0000000)
  eden space 456192K, 0% used [0x000000076ab00000,0x000000076ab00000,0x0000000786880000)
  from space 196096K, 56% used [0x0000000786880000,0x000000078d4a8560,0x0000000792800000)
  to   space 197632K, 0% used [0x0000000796900000,0x0000000796900000,0x00000007a2a00000)
 ParOldGen       total 682496K, used 649041K [0x00000006c0000000, 0x00000006e9a80000, 0x000000076ab00000)
  object space 682496K, 95% used [0x00000006c0000000,0x00000006e79d4488,0x00000006e9a80000)
 Metaspace       used 6417K, capacity 7280K, committed 7552K, reserved 1056768K
  class space    used 587K, capacity 616K, committed 640K, reserved 1048576K
Event: 120.279 GC heap after
Heap after GC invocations=30 (full 7):
 PSYoungGen      total 652288K, used 64787K [0x000000076ab00000, 0x00000007a2a00000, 0x00000007c0000000)
  eden space 456192K, 0% used [0x000000076ab00000,0x000000076ab00000,0x0000000786880000)
  from space 196096K, 33% used [0x0000000786880000,0x000000078a7c4e60,0x0000000792800000)
  to   space 197632K, 0% used [0x0000000796900000,0x0000000796900000,0x00000007a2a00000)
 ParOldGen       total 924672K, used 682025K [0x00000006c0000000, 0x00000006f8700000, 0x000000076ab00000)
  object space 924672K, 73% used [0x00000006c0000000,0x00000006e9a0a6d8,0x00000006f8700000)
 Metaspace       used 6417K, capacity 7280K, committed 7552K, reserved 1056768K
  class space    used 587K, capacity 616K, committed 640K, reserved 1048576K
}
Event: 130.823 GC heap before
{Heap before GC invocations=31 (full 7):
 PSYoungGen      total 652288K, used 520979K [0x000000076ab00000, 0x00000007a2a00000, 0x00000007c0000000)
  eden space 456192K, 100% used [0x000000076ab00000,0x0000000786880000,0x0000000786880000)
  from space 196096K, 33% used [0x0000000786880000,0x000000078a7c4e60,0x0000000792800000)
  to   space 197632K, 0% used [0x0000000796900000,0x0000000796900000,0x00000007a2a00000)
 ParOldGen       total 924672K, used 682025K [0x00000006c0000000, 0x00000006f8700000, 0x000000076ab00000)
  object space 924672K, 73% used [0x00000006c0000000,0x00000006e9a0a6d8,0x00000006f8700000)
 Metaspace       used 6451K, capacity 7280K, committed 7552K, reserved 1056768K
  class space    used 591K, capacity 616K, committed 640K, reserved 1048576K
Event: 131.447 GC heap after
Heap after GC invocations=31 (full 7):
 PSYoungGen      total 676864K, used 75068K [0x000000076ab00000, 0x00000007a0a00000, 0x00000007c0000000)
  eden space 512000K, 0% used [0x000000076ab00000,0x000000076ab00000,0x0000000789f00000)
  from space 164864K, 45% used [0x0000000796900000,0x000000079b24f3d8,0x00000007a0a00000)
  to   space 185856K, 0% used [0x0000000789f00000,0x0000000789f00000,0x0000000795480000)
 ParOldGen       total 924672K, used 682033K [0x00000006c0000000, 0x00000006f8700000, 0x000000076ab00000)
  object space 924672K, 73% used [0x00000006c0000000,0x00000006e9a0c6d8,0x00000006f8700000)
 Metaspace       used 6451K, capacity 7280K, committed 7552K, reserved 1056768K
  class space    used 591K, capacity 616K, committed 640K, reserved 1048576K
}
Event: 135.345 GC heap before
{Heap before GC invocations=32 (full 7):
 PSYoungGen      total 676864K, used 587068K [0x000000076ab00000, 0x00000007a0a00000, 0x00000007c0000000)
  eden space 512000K, 100% used [0x000000076ab00000,0x0000000789f00000,0x0000000789f00000)
  from space 164864K, 45% used [0x0000000796900000,0x000000079b24f3d8,0x00000007a0a00000)
  to   space 185856K, 0% used [0x0000000789f00000,0x0000000789f00000,0x0000000795480000)
 ParOldGen       total 924672K, used 682331K [0x00000006c0000000, 0x00000006f8700000, 0x000000076ab00000)
  object space 924672K, 73% used [0x00000006c0000000,0x00000006e9a56f20,0x00000006f8700000)
 Metaspace       used 6512K, capacity 7344K, committed 7552K, reserved 1056768K
  class space    used 593K, capacity 616K, committed 640K, reserved 1048576K
Event: 150.818 GC heap after
Heap after GC invocations=32 (full 7):
 PSYoungGen      total 697856K, used 118932K [0x000000076ab00000, 0x00000007a6300000, 0x00000007c0000000)
  eden space 512000K, 0% used [0x000000076ab00000,0x000000076ab00000,0x0000000789f00000)
  from space 185856K, 63% used [0x0000000789f00000,0x00000007913250f0,0x0000000795480000)
  to   space 190464K, 0% used [0x000000079a900000,0x000000079a900000,0x00000007a6300000)
 ParOldGen       total 924672K, used 682331K [0x00000006c0000000, 0x00000006f8700000, 0x000000076ab00000)
  object space 924672K, 73% used [0x00000006c0000000,0x00000006e9a56f20,0x00000006f8700000)
 Metaspace       used 6512K, capacity 7344K, committed 7552K, reserved 1056768K
  class space    used 593K, capacity 616K, committed 640K, reserved 1048576K
}
Event: 159.376 GC heap before
{Heap before GC invocations=33 (full 7):
 PSYoungGen      total 697856K, used 630932K [0x000000076ab00000, 0x00000007a6300000, 0x00000007c0000000)
  eden space 512000K, 100% used [0x000000076ab00000,0x0000000789f00000,0x0000000789f00000)
  from space 185856K, 63% used [0x0000000789f00000,0x00000007913250f0,0x0000000795480000)
  to   space 190464K, 0% used [0x000000079a900000,0x000000079a900000,0x00000007a6300000)
 ParOldGen       total 924672K, used 682852K [0x00000006c0000000, 0x00000006f8700000, 0x000000076ab00000)
  object space 924672K, 73% used [0x00000006c0000000,0x00000006e9ad9188,0x00000006f8700000)
 Metaspace       used 6760K, capacity 7536K, committed 7808K, reserved 1056768K
  class space    used 605K, capacity 616K, committed 640K, reserved 1048576K
Event: 160.586 GC heap after
Heap after GC invocations=33 (full 7):
 PSYoungGen      total 774144K, used 137208K [0x000000076ab00000, 0x00000007a7180000, 0x00000007c0000000)
  eden space 583680K, 0% used [0x000000076ab00000,0x000000076ab00000,0x000000078e500000)
  from space 190464K, 72% used [0x000000079a900000,0x00000007a2efe028,0x00000007a6300000)
  to   space 200704K, 0% used [0x000000078e500000,0x000000078e500000,0x000000079a900000)
 ParOldGen       total 924672K, used 718157K [0x00000006c0000000, 0x00000006f8700000, 0x000000076ab00000)
  object space 924672K, 77% used [0x00000006c0000000,0x00000006ebd53780,0x00000006f8700000)
 Metaspace       used 6760K, capacity 7536K, committed 7808K, reserved 1056768K
  class space    used 605K, capacity 616K, committed 640K, reserved 1048576K
}

