# JRE version: OpenJDK Runtime Environment (8.0_112-b06) (build 1.8.0_112-release-b06)
# Java VM: OpenJDK 64-Bit Server VM (25.112-b06 mixed mode windows-amd64 compressed oops)
Heap:
 PSYoungGen      total 354304K, used 32232K [0x00000000e0000000, 0x0000000100000000, 0x0000000100000000)
  eden space 267264K, 7% used [0x00000000e0000000,0x00000000e13fedf0,0x00000000f0500000)
  from space 87040K, 13% used [0x00000000fab00000,0x00000000fb67b4b0,0x0000000100000000)
  to   space 128512K, 0% used [0x00000000f0500000,0x00000000f0500000,0x00000000f8280000)
 ParOldGen       total 274944K, used 186568K [0x00000000a0000000, 0x00000000b0c80000, 0x00000000e0000000)
  object space 274944K, 67% used [0x00000000a0000000,0x00000000ab6323b8,0x00000000b0c80000)
 Metaspace       used 84201K, capacity 88316K, committed 88704K, reserved 1126400K
  class space    used 10442K, capacity 11281K, committed 11392K, reserved 1048576K
GC Heap History (10 events):
Event: 1235.142 GC heap before
{Heap before GC invocations=24 (full 5):
 PSYoungGen      total 413184K, used 354304K [0x00000000e0000000, 0x0000000100000000, 0x0000000100000000)
  eden space 354304K, 100% used [0x00000000e0000000,0x00000000f5a00000,0x00000000f5a00000)
  from space 58880K, 0% used [0x00000000fc680000,0x00000000fc680000,0x0000000100000000)
  to   space 84992K, 0% used [0x00000000f5a00000,0x00000000f5a00000,0x00000000fad00000)
 ParOldGen       total 186880K, used 107750K [0x00000000a0000000, 0x00000000ab680000, 0x00000000e0000000)
  object space 186880K, 57% used [0x00000000a0000000,0x00000000a6939a78,0x00000000ab680000)
 Metaspace       used 82795K, capacity 86898K, committed 87424K, reserved 1126400K
  class space    used 10258K, capacity 11112K, committed 11136K, reserved 1048576K
Event: 1235.170 GC heap after
Heap after GC invocations=24 (full 5):
 PSYoungGen      total 439296K, used 4010K [0x00000000e0000000, 0x0000000100000000, 0x0000000100000000)
  eden space 354304K, 0% used [0x00000000e0000000,0x00000000e0000000,0x00000000f5a00000)
  from space 84992K, 4% used [0x00000000f5a00000,0x00000000f5deaaa0,0x00000000fad00000)
  to   space 83968K, 0% used [0x00000000fae00000,0x00000000fae00000,0x0000000100000000)
 ParOldGen       total 186880K, used 107758K [0x00000000a0000000, 0x00000000ab680000, 0x00000000e0000000)
  object space 186880K, 57% used [0x00000000a0000000,0x00000000a693ba78,0x00000000ab680000)
 Metaspace       used 82795K, capacity 86898K, committed 87424K, reserved 1126400K
  class space    used 10258K, capacity 11112K, committed 11136K, reserved 1048576K
}
Event: 1240.302 GC heap before
{Heap before GC invocations=25 (full 5):
 PSYoungGen      total 439296K, used 358314K [0x00000000e0000000, 0x0000000100000000, 0x0000000100000000)
  eden space 354304K, 100% used [0x00000000e0000000,0x00000000f5a00000,0x00000000f5a00000)
  from space 84992K, 4% used [0x00000000f5a00000,0x00000000f5deaaa0,0x00000000fad00000)
  to   space 83968K, 0% used [0x00000000fae00000,0x00000000fae00000,0x0000000100000000)
 ParOldGen       total 186880K, used 107758K [0x00000000a0000000, 0x00000000ab680000, 0x00000000e0000000)
  object space 186880K, 57% used [0x00000000a0000000,0x00000000a693ba78,0x00000000ab680000)
 Metaspace       used 82829K, capacity 86962K, committed 87424K, reserved 1126400K
  class space    used 10258K, capacity 11112K, committed 11136K, reserved 1048576K
Event: 1240.319 GC heap after
Heap after GC invocations=25 (full 5):
 PSYoungGen      total 434176K, used 4219K [0x00000000e0000000, 0x00000000ffb00000, 0x0000000100000000)
  eden space 355328K, 0% used [0x00000000e0000000,0x00000000e0000000,0x00000000f5b00000)
  from space 78848K, 5% used [0x00000000fae00000,0x00000000fb21eef8,0x00000000ffb00000)
  to   space 81920K, 0% used [0x00000000f5b00000,0x00000000f5b00000,0x00000000fab00000)
 ParOldGen       total 186880K, used 107781K [0x00000000a0000000, 0x00000000ab680000, 0x00000000e0000000)
  object space 186880K, 57% used [0x00000000a0000000,0x00000000a69416d8,0x00000000ab680000)
 Metaspace       used 82829K, capacity 86962K, committed 87424K, reserved 1126400K
  class space    used 10258K, capacity 11112K, committed 11136K, reserved 1048576K
}
Event: 1249.374 GC heap before
{Heap before GC invocations=26 (full 5):
 PSYoungGen      total 434176K, used 359547K [0x00000000e0000000, 0x00000000ffb00000, 0x0000000100000000)
  eden space 355328K, 100% used [0x00000000e0000000,0x00000000f5b00000,0x00000000f5b00000)
  from space 78848K, 5% used [0x00000000fae00000,0x00000000fb21eef8,0x00000000ffb00000)
  to   space 81920K, 0% used [0x00000000f5b00000,0x00000000f5b00000,0x00000000fab00000)
 ParOldGen       total 186880K, used 107781K [0x00000000a0000000, 0x00000000ab680000, 0x00000000e0000000)
  object space 186880K, 57% used [0x00000000a0000000,0x00000000a69416d8,0x00000000ab680000)
 Metaspace       used 84118K, capacity 88252K, committed 88704K, reserved 1126400K
  class space    used 10432K, capacity 11281K, committed 11392K, reserved 1048576K
Event: 1249.704 GC heap after
Heap after GC invocations=26 (full 5):
 PSYoungGen      total 437248K, used 81915K [0x00000000e0000000, 0x0000000100000000, 0x0000000100000000)
  eden space 355328K, 0% used [0x00000000e0000000,0x00000000e0000000,0x00000000f5b00000)
  from space 81920K, 99% used [0x00000000f5b00000,0x00000000faafeef8,0x00000000fab00000)
  to   space 87040K, 0% used [0x00000000fab00000,0x00000000fab00000,0x0000000100000000)
 ParOldGen       total 186880K, used 140433K [0x00000000a0000000, 0x00000000ab680000, 0x00000000e0000000)
  object space 186880K, 75% used [0x00000000a0000000,0x00000000a89246e0,0x00000000ab680000)
 Metaspace       used 84118K, capacity 88252K, committed 88704K, reserved 1126400K
  class space    used 10432K, capacity 11281K, committed 11392K, reserved 1048576K
}
Event: 1251.077 GC heap before
{Heap before GC invocations=27 (full 5):
 PSYoungGen      total 437248K, used 437243K [0x00000000e0000000, 0x0000000100000000, 0x0000000100000000)
  eden space 355328K, 100% used [0x00000000e0000000,0x00000000f5b00000,0x00000000f5b00000)
  from space 81920K, 99% used [0x00000000f5b00000,0x00000000faafeef8,0x00000000fab00000)
  to   space 87040K, 0% used [0x00000000fab00000,0x00000000fab00000,0x0000000100000000)
 ParOldGen       total 186880K, used 140433K [0x00000000a0000000, 0x00000000ab680000, 0x00000000e0000000)
  object space 186880K, 75% used [0x00000000a0000000,0x00000000a89246e0,0x00000000ab680000)
 Metaspace       used 84123K, capacity 88252K, committed 88704K, reserved 1126400K
  class space    used 10432K, capacity 11281K, committed 11392K, reserved 1048576K
Event: 1251.411 GC heap after
Heap after GC invocations=27 (full 5):
 PSYoungGen      total 354304K, used 87040K [0x00000000e0000000, 0x0000000100000000, 0x0000000100000000)
  eden space 267264K, 0% used [0x00000000e0000000,0x00000000e0000000,0x00000000f0500000)
  from space 87040K, 100% used [0x00000000fab00000,0x0000000100000000,0x0000000100000000)
  to   space 128512K, 0% used [0x00000000f0500000,0x00000000f0500000,0x00000000f8280000)
 ParOldGen       total 186880K, used 158110K [0x00000000a0000000, 0x00000000ab680000, 0x00000000e0000000)
  object space 186880K, 84% used [0x00000000a0000000,0x00000000a9a67b70,0x00000000ab680000)
 Metaspace       used 84123K, capacity 88252K, committed 88704K, reserved 1126400K
  class space    used 10432K, capacity 11281K, committed 11392K, reserved 1048576K
}
Event: 1251.411 GC heap before
{Heap before GC invocations=28 (full 6):
 PSYoungGen      total 354304K, used 87040K [0x00000000e0000000, 0x0000000100000000, 0x0000000100000000)
  eden space 267264K, 0% used [0x00000000e0000000,0x00000000e0000000,0x00000000f0500000)
  from space 87040K, 100% used [0x00000000fab00000,0x0000000100000000,0x0000000100000000)
  to   space 128512K, 0% used [0x00000000f0500000,0x00000000f0500000,0x00000000f8280000)
 ParOldGen       total 186880K, used 158110K [0x00000000a0000000, 0x00000000ab680000, 0x00000000e0000000)
  object space 186880K, 84% used [0x00000000a0000000,0x00000000a9a67b70,0x00000000ab680000)
 Metaspace       used 84123K, capacity 88252K, committed 88704K, reserved 1126400K
  class space    used 10432K, capacity 11281K, committed 11392K, reserved 1048576K
Event: 1253.367 GC heap after
Heap after GC invocations=28 (full 6):
 PSYoungGen      total 354304K, used 11757K [0x00000000e0000000, 0x0000000100000000, 0x0000000100000000)
  eden space 267264K, 0% used [0x00000000e0000000,0x00000000e0000000,0x00000000f0500000)
  from space 87040K, 13% used [0x00000000fab00000,0x00000000fb67b4b0,0x0000000100000000)
  to   space 128512K, 0% used [0x00000000f0500000,0x00000000f0500000,0x00000000f8280000)
 ParOldGen       total 274944K, used 186568K [0x00000000a0000000, 0x00000000b0c80000, 0x00000000e0000000)
  object space 274944K, 67% used [0x00000000a0000000,0x00000000ab6323b8,0x00000000b0c80000)
 Metaspace       used 84123K, capacity 88252K, committed 88704K, reserved 1126400K
  class space    used 10432K, capacity 11281K, committed 11392K, reserved 1048576K
}

