# JRE version: OpenJDK Runtime Environment (8.0_112-b06) (build 1.8.0_112-release-b06)
# Java VM: OpenJDK 64-Bit Server VM (25.112-b06 mixed mode windows-amd64 compressed oops)
Heap:
 PSYoungGen      total 321024K, used 111683K [0x00000000e0000000, 0x00000000f9080000, 0x0000000100000000)
  eden space 274944K, 33% used [0x00000000e0000000,0x00000000e58a8cf8,0x00000000f0c80000)
  from space 46080K, 45% used [0x00000000f6380000,0x00000000f77e8000,0x00000000f9080000)
  to   space 67584K, 0% used [0x00000000f0c80000,0x00000000f0c80000,0x00000000f4e80000)
 ParOldGen       total 252928K, used 170269K [0x00000000a0000000, 0x00000000af700000, 0x00000000e0000000)
  object space 252928K, 67% used [0x00000000a0000000,0x00000000aa6476b0,0x00000000af700000)
 Metaspace       used 65863K, capacity 68502K, committed 68608K, reserved 1107968K
  class space    used 8550K, capacity 9189K, committed 9216K, reserved 1048576K
GC Heap History (10 events):
Event: 99.247 GC heap before
{Heap before GC invocations=23 (full 4):
 PSYoungGen      total 235520K, used 30189K [0x00000000e0000000, 0x00000000f4780000, 0x0000000100000000)
  eden space 205312K, 0% used [0x00000000e0000000,0x00000000e0000000,0x00000000ec880000)
  from space 30208K, 99% used [0x00000000ec880000,0x00000000ee5fb730,0x00000000ee600000)
  to   space 46080K, 0% used [0x00000000f1a80000,0x00000000f1a80000,0x00000000f4780000)
 ParOldGen       total 98304K, used 91471K [0x00000000a0000000, 0x00000000a6000000, 0x00000000e0000000)
  object space 98304K, 93% used [0x00000000a0000000,0x00000000a5953df8,0x00000000a6000000)
 Metaspace       used 64494K, capacity 67208K, committed 67456K, reserved 1107968K
  class space    used 8377K, capacity 8994K, committed 9088K, reserved 1048576K
Event: 99.841 GC heap after
Heap after GC invocations=23 (full 4):
 PSYoungGen      total 235520K, used 0K [0x00000000e0000000, 0x00000000f4780000, 0x0000000100000000)
  eden space 205312K, 0% used [0x00000000e0000000,0x00000000e0000000,0x00000000ec880000)
  from space 30208K, 0% used [0x00000000ec880000,0x00000000ec880000,0x00000000ee600000)
  to   space 46080K, 0% used [0x00000000f1a80000,0x00000000f1a80000,0x00000000f4780000)
 ParOldGen       total 154624K, used 80787K [0x00000000a0000000, 0x00000000a9700000, 0x00000000e0000000)
  object space 154624K, 52% used [0x00000000a0000000,0x00000000a4ee4cf8,0x00000000a9700000)
 Metaspace       used 64494K, capacity 67208K, committed 67456K, reserved 1107968K
  class space    used 8377K, capacity 8994K, committed 9088K, reserved 1048576K
}
Event: 107.321 GC heap before
{Heap before GC invocations=24 (full 4):
 PSYoungGen      total 235520K, used 205312K [0x00000000e0000000, 0x00000000f4780000, 0x0000000100000000)
  eden space 205312K, 100% used [0x00000000e0000000,0x00000000ec880000,0x00000000ec880000)
  from space 30208K, 0% used [0x00000000ec880000,0x00000000ec880000,0x00000000ee600000)
  to   space 46080K, 0% used [0x00000000f1a80000,0x00000000f1a80000,0x00000000f4780000)
 ParOldGen       total 154624K, used 80787K [0x00000000a0000000, 0x00000000a9700000, 0x00000000e0000000)
  object space 154624K, 52% used [0x00000000a0000000,0x00000000a4ee4cf8,0x00000000a9700000)
 Metaspace       used 65555K, capacity 68214K, committed 68352K, reserved 1107968K
  class space    used 8511K, capacity 9157K, committed 9216K, reserved 1048576K
Event: 107.589 GC heap after
Heap after GC invocations=24 (full 4):
 PSYoungGen      total 270336K, used 46080K [0x00000000e0000000, 0x00000000f7180000, 0x0000000100000000)
  eden space 224256K, 0% used [0x00000000e0000000,0x00000000e0000000,0x00000000edb00000)
  from space 46080K, 100% used [0x00000000f1a80000,0x00000000f4780000,0x00000000f4780000)
  to   space 65024K, 0% used [0x00000000edb00000,0x00000000edb00000,0x00000000f1a80000)
 ParOldGen       total 154624K, used 111062K [0x00000000a0000000, 0x00000000a9700000, 0x00000000e0000000)
  object space 154624K, 71% used [0x00000000a0000000,0x00000000a6c75a88,0x00000000a9700000)
 Metaspace       used 65555K, capacity 68214K, committed 68352K, reserved 1107968K
  class space    used 8511K, capacity 9157K, committed 9216K, reserved 1048576K
}
Event: 109.252 GC heap before
{Heap before GC invocations=25 (full 4):
 PSYoungGen      total 270336K, used 270336K [0x00000000e0000000, 0x00000000f7180000, 0x0000000100000000)
  eden space 224256K, 100% used [0x00000000e0000000,0x00000000edb00000,0x00000000edb00000)
  from space 46080K, 100% used [0x00000000f1a80000,0x00000000f4780000,0x00000000f4780000)
  to   space 65024K, 0% used [0x00000000edb00000,0x00000000edb00000,0x00000000f1a80000)
 ParOldGen       total 154624K, used 111062K [0x00000000a0000000, 0x00000000a9700000, 0x00000000e0000000)
  object space 154624K, 71% used [0x00000000a0000000,0x00000000a6c75a88,0x00000000a9700000)
 Metaspace       used 65779K, capacity 68438K, committed 68608K, reserved 1107968K
  class space    used 8541K, capacity 9189K, committed 9216K, reserved 1048576K
Event: 109.660 GC heap after
Heap after GC invocations=25 (full 4):
 PSYoungGen      total 289280K, used 50272K [0x00000000e0000000, 0x00000000fa900000, 0x0000000100000000)
  eden space 224256K, 0% used [0x00000000e0000000,0x00000000e0000000,0x00000000edb00000)
  from space 65024K, 77% used [0x00000000edb00000,0x00000000f0c18000,0x00000000f1a80000)
  to   space 71168K, 0% used [0x00000000f6380000,0x00000000f6380000,0x00000000fa900000)
 ParOldGen       total 154624K, used 149867K [0x00000000a0000000, 0x00000000a9700000, 0x00000000e0000000)
  object space 154624K, 96% used [0x00000000a0000000,0x00000000a925acb8,0x00000000a9700000)
 Metaspace       used 65779K, capacity 68438K, committed 68608K, reserved 1107968K
  class space    used 8541K, capacity 9189K, committed 9216K, reserved 1048576K
}
Event: 109.660 GC heap before
{Heap before GC invocations=26 (full 5):
 PSYoungGen      total 289280K, used 50272K [0x00000000e0000000, 0x00000000fa900000, 0x0000000100000000)
  eden space 224256K, 0% used [0x00000000e0000000,0x00000000e0000000,0x00000000edb00000)
  from space 65024K, 77% used [0x00000000edb00000,0x00000000f0c18000,0x00000000f1a80000)
  to   space 71168K, 0% used [0x00000000f6380000,0x00000000f6380000,0x00000000fa900000)
 ParOldGen       total 154624K, used 149867K [0x00000000a0000000, 0x00000000a9700000, 0x00000000e0000000)
  object space 154624K, 96% used [0x00000000a0000000,0x00000000a925acb8,0x00000000a9700000)
 Metaspace       used 65779K, capacity 68438K, committed 68608K, reserved 1107968K
  class space    used 8541K, capacity 9189K, committed 9216K, reserved 1048576K
Event: 111.418 GC heap after
Heap after GC invocations=26 (full 5):
 PSYoungGen      total 289280K, used 17915K [0x00000000e0000000, 0x00000000fa900000, 0x0000000100000000)
  eden space 224256K, 0% used [0x00000000e0000000,0x00000000e0000000,0x00000000edb00000)
  from space 65024K, 27% used [0x00000000edb00000,0x00000000eec7ee90,0x00000000f1a80000)
  to   space 71168K, 0% used [0x00000000f6380000,0x00000000f6380000,0x00000000fa900000)
 ParOldGen       total 252928K, used 154217K [0x00000000a0000000, 0x00000000af700000, 0x00000000e0000000)
  object space 252928K, 60% used [0x00000000a0000000,0x00000000a969a4a0,0x00000000af700000)
 Metaspace       used 65779K, capacity 68438K, committed 68608K, reserved 1107968K
  class space    used 8541K, capacity 9189K, committed 9216K, reserved 1048576K
}
Event: 112.371 GC heap before
{Heap before GC invocations=27 (full 5):
 PSYoungGen      total 289280K, used 242171K [0x00000000e0000000, 0x00000000fa900000, 0x0000000100000000)
  eden space 224256K, 100% used [0x00000000e0000000,0x00000000edb00000,0x00000000edb00000)
  from space 65024K, 27% used [0x00000000edb00000,0x00000000eec7ee90,0x00000000f1a80000)
  to   space 71168K, 0% used [0x00000000f6380000,0x00000000f6380000,0x00000000fa900000)
 ParOldGen       total 252928K, used 154217K [0x00000000a0000000, 0x00000000af700000, 0x00000000e0000000)
  object space 252928K, 60% used [0x00000000a0000000,0x00000000a969a4a0,0x00000000af700000)
 Metaspace       used 65780K, capacity 68438K, committed 68608K, reserved 1107968K
  class space    used 8541K, capacity 9189K, committed 9216K, reserved 1048576K
Event: 112.586 GC heap after
Heap after GC invocations=27 (full 5):
 PSYoungGen      total 321024K, used 20896K [0x00000000e0000000, 0x00000000f9080000, 0x0000000100000000)
  eden space 274944K, 0% used [0x00000000e0000000,0x00000000e0000000,0x00000000f0c80000)
  from space 46080K, 45% used [0x00000000f6380000,0x00000000f77e8000,0x00000000f9080000)
  to   space 67584K, 0% used [0x00000000f0c80000,0x00000000f0c80000,0x00000000f4e80000)
 ParOldGen       total 252928K, used 170269K [0x00000000a0000000, 0x00000000af700000, 0x00000000e0000000)
  object space 252928K, 67% used [0x00000000a0000000,0x00000000aa6476b0,0x00000000af700000)
 Metaspace       used 65780K, capacity 68438K, committed 68608K, reserved 1107968K
  class space    used 8541K, capacity 9189K, committed 9216K, reserved 1048576K
}

