# JRE version: OpenJDK Runtime Environment (8.0_112-b06) (build 1.8.0_112-release-b06)
# Java VM: OpenJDK 64-Bit Server VM (25.112-b06 mixed mode windows-amd64 compressed oops)
Heap:
 PSYoungGen      total 409088K, used 211483K [0x00000000e0000000, 0x0000000100000000, 0x0000000100000000)
  eden space 361472K, 58% used [0x00000000e0000000,0x00000000ece86ca0,0x00000000f6100000)
  from space 47616K, 0% used [0x00000000f6100000,0x00000000f6100000,0x00000000f8f80000)
  to   space 62464K, 0% used [0x00000000fc300000,0x00000000fc300000,0x0000000100000000)
 ParOldGen       total 177664K, used 105518K [0x00000000a0000000, 0x00000000aad80000, 0x00000000e0000000)
  object space 177664K, 59% used [0x00000000a0000000,0x00000000a670ba38,0x00000000aad80000)
 Metaspace       used 66592K, capacity 69168K, committed 69632K, reserved 1110016K
  class space    used 8494K, capacity 9091K, committed 9216K, reserved 1048576K
GC Heap History (10 events):
Event: 86.415 GC heap before
{Heap before GC invocations=16 (full 3):
 PSYoungGen      total 314368K, used 312120K [0x00000000e0000000, 0x00000000f5a80000, 0x0000000100000000)
  eden space 293376K, 100% used [0x00000000e0000000,0x00000000f1e80000,0x00000000f1e80000)
  from space 20992K, 89% used [0x00000000f4600000,0x00000000f584e1d0,0x00000000f5a80000)
  to   space 30720K, 0% used [0x00000000f1e80000,0x00000000f1e80000,0x00000000f3c80000)
 ParOldGen       total 78336K, used 43612K [0x00000000a0000000, 0x00000000a4c80000, 0x00000000e0000000)
  object space 78336K, 55% used [0x00000000a0000000,0x00000000a2a97230,0x00000000a4c80000)
 Metaspace       used 58433K, capacity 60922K, committed 61184K, reserved 1101824K
  class space    used 7770K, capacity 8344K, committed 8448K, reserved 1048576K
Event: 86.656 GC heap after
Heap after GC invocations=16 (full 3):
 PSYoungGen      total 324096K, used 30713K [0x00000000e0000000, 0x00000000fdb00000, 0x0000000100000000)
  eden space 293376K, 0% used [0x00000000e0000000,0x00000000e0000000,0x00000000f1e80000)
  from space 30720K, 99% used [0x00000000f1e80000,0x00000000f3c7e4f8,0x00000000f3c80000)
  to   space 50176K, 0% used [0x00000000faa00000,0x00000000faa00000,0x00000000fdb00000)
 ParOldGen       total 82944K, used 82426K [0x00000000a0000000, 0x00000000a5100000, 0x00000000e0000000)
  object space 82944K, 99% used [0x00000000a0000000,0x00000000a507e900,0x00000000a5100000)
 Metaspace       used 58433K, capacity 60922K, committed 61184K, reserved 1101824K
  class space    used 7770K, capacity 8344K, committed 8448K, reserved 1048576K
}
Event: 86.656 GC heap before
{Heap before GC invocations=17 (full 4):
 PSYoungGen      total 324096K, used 30713K [0x00000000e0000000, 0x00000000fdb00000, 0x0000000100000000)
  eden space 293376K, 0% used [0x00000000e0000000,0x00000000e0000000,0x00000000f1e80000)
  from space 30720K, 99% used [0x00000000f1e80000,0x00000000f3c7e4f8,0x00000000f3c80000)
  to   space 50176K, 0% used [0x00000000faa00000,0x00000000faa00000,0x00000000fdb00000)
 ParOldGen       total 82944K, used 82426K [0x00000000a0000000, 0x00000000a5100000, 0x00000000e0000000)
  object space 82944K, 99% used [0x00000000a0000000,0x00000000a507e900,0x00000000a5100000)
 Metaspace       used 58433K, capacity 60922K, committed 61184K, reserved 1101824K
  class space    used 7770K, capacity 8344K, committed 8448K, reserved 1048576K
Event: 87.936 GC heap after
Heap after GC invocations=17 (full 4):
 PSYoungGen      total 324096K, used 25959K [0x00000000e0000000, 0x00000000fdb00000, 0x0000000100000000)
  eden space 293376K, 0% used [0x00000000e0000000,0x00000000e0000000,0x00000000f1e80000)
  from space 30720K, 84% used [0x00000000f1e80000,0x00000000f37d9f98,0x00000000f3c80000)
  to   space 50176K, 0% used [0x00000000faa00000,0x00000000faa00000,0x00000000fdb00000)
 ParOldGen       total 139776K, used 82907K [0x00000000a0000000, 0x00000000a8880000, 0x00000000e0000000)
  object space 139776K, 59% used [0x00000000a0000000,0x00000000a50f6c60,0x00000000a8880000)
 Metaspace       used 58433K, capacity 60922K, committed 61184K, reserved 1101824K
  class space    used 7770K, capacity 8344K, committed 8448K, reserved 1048576K
}
Event: 130.166 GC heap before
{Heap before GC invocations=18 (full 4):
 PSYoungGen      total 324096K, used 319335K [0x00000000e0000000, 0x00000000fdb00000, 0x0000000100000000)
  eden space 293376K, 100% used [0x00000000e0000000,0x00000000f1e80000,0x00000000f1e80000)
  from space 30720K, 84% used [0x00000000f1e80000,0x00000000f37d9f98,0x00000000f3c80000)
  to   space 50176K, 0% used [0x00000000faa00000,0x00000000faa00000,0x00000000fdb00000)
 ParOldGen       total 139776K, used 82907K [0x00000000a0000000, 0x00000000a8880000, 0x00000000e0000000)
  object space 139776K, 59% used [0x00000000a0000000,0x00000000a50f6c60,0x00000000a8880000)
 Metaspace       used 59199K, capacity 61704K, committed 61952K, reserved 1103872K
  class space    used 7856K, capacity 8425K, committed 8448K, reserved 1048576K
Event: 130.326 GC heap after
Heap after GC invocations=18 (full 4):
 PSYoungGen      total 381952K, used 14106K [0x00000000e0000000, 0x00000000fbe00000, 0x0000000100000000)
  eden space 361472K, 0% used [0x00000000e0000000,0x00000000e0000000,0x00000000f6100000)
  from space 20480K, 68% used [0x00000000faa00000,0x00000000fb7c69f8,0x00000000fbe00000)
  to   space 47616K, 0% used [0x00000000f6100000,0x00000000f6100000,0x00000000f8f80000)
 ParOldGen       total 139776K, used 108335K [0x00000000a0000000, 0x00000000a8880000, 0x00000000e0000000)
  object space 139776K, 77% used [0x00000000a0000000,0x00000000a69cbcd8,0x00000000a8880000)
 Metaspace       used 59199K, capacity 61704K, committed 61952K, reserved 1103872K
  class space    used 7856K, capacity 8425K, committed 8448K, reserved 1048576K
}
Event: 215.540 GC heap before
{Heap before GC invocations=19 (full 4):
 PSYoungGen      total 381952K, used 375578K [0x00000000e0000000, 0x00000000fbe00000, 0x0000000100000000)
  eden space 361472K, 100% used [0x00000000e0000000,0x00000000f6100000,0x00000000f6100000)
  from space 20480K, 68% used [0x00000000faa00000,0x00000000fb7c69f8,0x00000000fbe00000)
  to   space 47616K, 0% used [0x00000000f6100000,0x00000000f6100000,0x00000000f8f80000)
 ParOldGen       total 139776K, used 108335K [0x00000000a0000000, 0x00000000a8880000, 0x00000000e0000000)
  object space 139776K, 77% used [0x00000000a0000000,0x00000000a69cbcd8,0x00000000a8880000)
 Metaspace       used 59909K, capacity 62530K, committed 62592K, reserved 1103872K
  class space    used 7900K, capacity 8528K, committed 8576K, reserved 1048576K
Event: 215.773 GC heap after
Heap after GC invocations=19 (full 4):
 PSYoungGen      total 409088K, used 47592K [0x00000000e0000000, 0x0000000100000000, 0x0000000100000000)
  eden space 361472K, 0% used [0x00000000e0000000,0x00000000e0000000,0x00000000f6100000)
  from space 47616K, 99% used [0x00000000f6100000,0x00000000f8f7a080,0x00000000f8f80000)
  to   space 62464K, 0% used [0x00000000fc300000,0x00000000fc300000,0x0000000100000000)
 ParOldGen       total 139776K, used 127185K [0x00000000a0000000, 0x00000000a8880000, 0x00000000e0000000)
  object space 139776K, 90% used [0x00000000a0000000,0x00000000a7c345f0,0x00000000a8880000)
 Metaspace       used 59909K, capacity 62530K, committed 62592K, reserved 1103872K
  class space    used 7900K, capacity 8528K, committed 8576K, reserved 1048576K
}
Event: 215.773 GC heap before
{Heap before GC invocations=20 (full 5):
 PSYoungGen      total 409088K, used 47592K [0x00000000e0000000, 0x0000000100000000, 0x0000000100000000)
  eden space 361472K, 0% used [0x00000000e0000000,0x00000000e0000000,0x00000000f6100000)
  from space 47616K, 99% used [0x00000000f6100000,0x00000000f8f7a080,0x00000000f8f80000)
  to   space 62464K, 0% used [0x00000000fc300000,0x00000000fc300000,0x0000000100000000)
 ParOldGen       total 139776K, used 127185K [0x00000000a0000000, 0x00000000a8880000, 0x00000000e0000000)
  object space 139776K, 90% used [0x00000000a0000000,0x00000000a7c345f0,0x00000000a8880000)
 Metaspace       used 59909K, capacity 62530K, committed 62592K, reserved 1103872K
  class space    used 7900K, capacity 8528K, committed 8576K, reserved 1048576K
Event: 216.695 GC heap after
Heap after GC invocations=20 (full 5):
 PSYoungGen      total 409088K, used 0K [0x00000000e0000000, 0x0000000100000000, 0x0000000100000000)
  eden space 361472K, 0% used [0x00000000e0000000,0x00000000e0000000,0x00000000f6100000)
  from space 47616K, 0% used [0x00000000f6100000,0x00000000f6100000,0x00000000f8f80000)
  to   space 62464K, 0% used [0x00000000fc300000,0x00000000fc300000,0x0000000100000000)
 ParOldGen       total 177664K, used 105518K [0x00000000a0000000, 0x00000000aad80000, 0x00000000e0000000)
  object space 177664K, 59% used [0x00000000a0000000,0x00000000a670ba38,0x00000000aad80000)
 Metaspace       used 59909K, capacity 62530K, committed 62592K, reserved 1103872K
  class space    used 7900K, capacity 8528K, committed 8576K, reserved 1048576K
}

